<?xml version="1.0" encoding="UTF-8"?>
<testsuite xmlns:xsi="http://www.w3.org/2001/XMLSchema-instance" xsi:noNamespaceSchemaLocation="https://maven.apache.org/surefire/maven-surefire-plugin/xsd/surefire-test-report.xsd" name="com.java110.things.AppTest" time="0.125" tests="1" errors="0" skipped="0" failures="0">
  <properties>
    <property name="sun.desktop" value="windows"/>
    <property name="awt.toolkit" value="sun.awt.windows.WToolkit"/>
    <property name="file.encoding.pkg" value="sun.io"/>
    <property name="java.specification.version" value="1.8"/>
    <property name="sun.cpu.isalist" value="pentium_pro+mmx pentium_pro pentium+mmx pentium i486 i386 i86"/>
    <property name="sun.jnu.encoding" value="GBK"/>
    <property name="java.class.path" value="C:\Users\Administrator\Documents\project\hc\MicroCommunityThings\back\target\test-classes;C:\Users\Administrator\Documents\project\hc\MicroCommunityThings\back\target\classes;H:\repository\org\springframework\boot\spring-boot-starter-web\2.0.1.RELEASE\spring-boot-starter-web-2.0.1.RELEASE.jar;H:\repository\org\springframework\boot\spring-boot-starter\2.0.1.RELEASE\spring-boot-starter-2.0.1.RELEASE.jar;H:\repository\org\springframework\boot\spring-boot-starter-logging\2.0.1.RELEASE\spring-boot-starter-logging-2.0.1.RELEASE.jar;H:\repository\ch\qos\logback\logback-classic\1.2.3\logback-classic-1.2.3.jar;H:\repository\ch\qos\logback\logback-core\1.2.3\logback-core-1.2.3.jar;H:\repository\org\apache\logging\log4j\log4j-to-slf4j\2.10.0\log4j-to-slf4j-2.10.0.jar;H:\repository\org\apache\logging\log4j\log4j-api\2.10.0\log4j-api-2.10.0.jar;H:\repository\org\slf4j\jul-to-slf4j\1.7.25\jul-to-slf4j-1.7.25.jar;H:\repository\javax\annotation\javax.annotation-api\1.3.2\javax.annotation-api-1.3.2.jar;H:\repository\org\yaml\snakeyaml\1.19\snakeyaml-1.19.jar;H:\repository\org\springframework\boot\spring-boot-starter-json\2.0.1.RELEASE\spring-boot-starter-json-2.0.1.RELEASE.jar;H:\repository\com\fasterxml\jackson\core\jackson-databind\2.9.5\jackson-databind-2.9.5.jar;H:\repository\com\fasterxml\jackson\core\jackson-annotations\2.9.0\jackson-annotations-2.9.0.jar;H:\repository\com\fasterxml\jackson\core\jackson-core\2.9.5\jackson-core-2.9.5.jar;H:\repository\com\fasterxml\jackson\datatype\jackson-datatype-jdk8\2.9.5\jackson-datatype-jdk8-2.9.5.jar;H:\repository\com\fasterxml\jackson\datatype\jackson-datatype-jsr310\2.9.5\jackson-datatype-jsr310-2.9.5.jar;H:\repository\com\fasterxml\jackson\module\jackson-module-parameter-names\2.9.5\jackson-module-parameter-names-2.9.5.jar;H:\repository\org\springframework\boot\spring-boot-starter-tomcat\2.0.1.RELEASE\spring-boot-starter-tomcat-2.0.1.RELEASE.jar;H:\repository\org\apache\tomcat\embed\tomcat-embed-core\8.5.29\tomcat-embed-core-8.5.29.jar;H:\repository\org\apache\tomcat\embed\tomcat-embed-el\8.5.29\tomcat-embed-el-8.5.29.jar;H:\repository\org\apache\tomcat\embed\tomcat-embed-websocket\8.5.29\tomcat-embed-websocket-8.5.29.jar;H:\repository\org\hibernate\validator\hibernate-validator\6.0.9.Final\hibernate-validator-6.0.9.Final.jar;H:\repository\javax\validation\validation-api\2.0.1.Final\validation-api-2.0.1.Final.jar;H:\repository\org\jboss\logging\jboss-logging\3.3.2.Final\jboss-logging-3.3.2.Final.jar;H:\repository\com\fasterxml\classmate\1.3.4\classmate-1.3.4.jar;H:\repository\org\springframework\spring-web\5.0.5.RELEASE\spring-web-5.0.5.RELEASE.jar;H:\repository\org\springframework\spring-beans\5.0.5.RELEASE\spring-beans-5.0.5.RELEASE.jar;H:\repository\org\springframework\spring-webmvc\5.0.5.RELEASE\spring-webmvc-5.0.5.RELEASE.jar;H:\repository\org\springframework\spring-aop\5.0.5.RELEASE\spring-aop-5.0.5.RELEASE.jar;H:\repository\org\springframework\spring-context\5.0.5.RELEASE\spring-context-5.0.5.RELEASE.jar;H:\repository\org\springframework\spring-expression\5.0.5.RELEASE\spring-expression-5.0.5.RELEASE.jar;H:\repository\org\springframework\boot\spring-boot-starter-test\2.0.1.RELEASE\spring-boot-starter-test-2.0.1.RELEASE.jar;H:\repository\org\springframework\boot\spring-boot-test\2.0.1.RELEASE\spring-boot-test-2.0.1.RELEASE.jar;H:\repository\org\springframework\boot\spring-boot-test-autoconfigure\2.0.1.RELEASE\spring-boot-test-autoconfigure-2.0.1.RELEASE.jar;H:\repository\com\jayway\jsonpath\json-path\2.4.0\json-path-2.4.0.jar;H:\repository\net\minidev\json-smart\2.3\json-smart-2.3.jar;H:\repository\net\minidev\accessors-smart\1.2\accessors-smart-1.2.jar;H:\repository\org\ow2\asm\asm\5.0.4\asm-5.0.4.jar;H:\repository\junit\junit\4.12\junit-4.12.jar;H:\repository\org\assertj\assertj-core\3.9.1\assertj-core-3.9.1.jar;H:\repository\org\mockito\mockito-core\2.15.0\mockito-core-2.15.0.jar;H:\repository\net\bytebuddy\byte-buddy\1.7.11\byte-buddy-1.7.11.jar;H:\repository\net\bytebuddy\byte-buddy-agent\1.7.11\byte-buddy-agent-1.7.11.jar;H:\repository\org\objenesis\objenesis\2.6\objenesis-2.6.jar;H:\repository\org\hamcrest\hamcrest-core\1.3\hamcrest-core-1.3.jar;H:\repository\org\hamcrest\hamcrest-library\1.3\hamcrest-library-1.3.jar;H:\repository\org\skyscreamer\jsonassert\1.5.0\jsonassert-1.5.0.jar;H:\repository\com\vaadin\external\google\android-json\0.0.20131108.vaadin1\android-json-0.0.20131108.vaadin1.jar;H:\repository\org\springframework\spring-core\5.0.5.RELEASE\spring-core-5.0.5.RELEASE.jar;H:\repository\org\springframework\spring-jcl\5.0.5.RELEASE\spring-jcl-5.0.5.RELEASE.jar;H:\repository\org\springframework\spring-test\5.0.5.RELEASE\spring-test-5.0.5.RELEASE.jar;H:\repository\org\xmlunit\xmlunit-core\2.5.1\xmlunit-core-2.5.1.jar;H:\repository\org\springframework\boot\spring-boot-starter-data-jpa\2.0.1.RELEASE\spring-boot-starter-data-jpa-2.0.1.RELEASE.jar;H:\repository\org\springframework\boot\spring-boot-starter-aop\2.0.1.RELEASE\spring-boot-starter-aop-2.0.1.RELEASE.jar;H:\repository\org\aspectj\aspectjweaver\1.8.13\aspectjweaver-1.8.13.jar;H:\repository\org\springframework\boot\spring-boot-starter-jdbc\2.0.1.RELEASE\spring-boot-starter-jdbc-2.0.1.RELEASE.jar;H:\repository\com\zaxxer\HikariCP\2.7.8\HikariCP-2.7.8.jar;H:\repository\org\springframework\spring-jdbc\5.0.5.RELEASE\spring-jdbc-5.0.5.RELEASE.jar;H:\repository\org\hibernate\hibernate-core\5.2.16.Final\hibernate-core-5.2.16.Final.jar;H:\repository\org\hibernate\javax\persistence\hibernate-jpa-2.1-api\1.0.0.Final\hibernate-jpa-2.1-api-1.0.0.Final.jar;H:\repository\org\javassist\javassist\3.22.0-GA\javassist-3.22.0-GA.jar;H:\repository\antlr\antlr\2.7.7\antlr-2.7.7.jar;H:\repository\org\jboss\jandex\2.0.3.Final\jandex-2.0.3.Final.jar;H:\repository\dom4j\dom4j\1.6.1\dom4j-1.6.1.jar;H:\repository\org\hibernate\common\hibernate-commons-annotations\5.0.1.Final\hibernate-commons-annotations-5.0.1.Final.jar;H:\repository\javax\transaction\javax.transaction-api\1.2\javax.transaction-api-1.2.jar;H:\repository\org\springframework\data\spring-data-jpa\2.0.6.RELEASE\spring-data-jpa-2.0.6.RELEASE.jar;H:\repository\org\springframework\data\spring-data-commons\2.0.6.RELEASE\spring-data-commons-2.0.6.RELEASE.jar;H:\repository\org\springframework\spring-orm\5.0.5.RELEASE\spring-orm-5.0.5.RELEASE.jar;H:\repository\org\springframework\spring-tx\5.0.5.RELEASE\spring-tx-5.0.5.RELEASE.jar;H:\repository\org\springframework\spring-aspects\5.0.5.RELEASE\spring-aspects-5.0.5.RELEASE.jar;H:\repository\org\springframework\boot\spring-boot-devtools\2.0.1.RELEASE\spring-boot-devtools-2.0.1.RELEASE.jar;H:\repository\org\springframework\boot\spring-boot\2.0.1.RELEASE\spring-boot-2.0.1.RELEASE.jar;H:\repository\org\springframework\boot\spring-boot-autoconfigure\2.0.1.RELEASE\spring-boot-autoconfigure-2.0.1.RELEASE.jar;H:\repository\org\springframework\boot\spring-boot-starter-thymeleaf\2.0.1.RELEASE\spring-boot-starter-thymeleaf-2.0.1.RELEASE.jar;H:\repository\org\thymeleaf\thymeleaf-spring5\3.0.9.RELEASE\thymeleaf-spring5-3.0.9.RELEASE.jar;H:\repository\org\thymeleaf\thymeleaf\3.0.9.RELEASE\thymeleaf-3.0.9.RELEASE.jar;H:\repository\org\attoparser\attoparser\2.0.4.RELEASE\attoparser-2.0.4.RELEASE.jar;H:\repository\org\unbescape\unbescape\1.1.5.RELEASE\unbescape-1.1.5.RELEASE.jar;H:\repository\org\thymeleaf\extras\thymeleaf-extras-java8time\3.0.1.RELEASE\thymeleaf-extras-java8time-3.0.1.RELEASE.jar;H:\repository\org\mybatis\spring\boot\mybatis-spring-boot-starter\1.3.2\mybatis-spring-boot-starter-1.3.2.jar;H:\repository\org\mybatis\spring\boot\mybatis-spring-boot-autoconfigure\1.3.2\mybatis-spring-boot-autoconfigure-1.3.2.jar;H:\repository\org\mybatis\mybatis\3.4.6\mybatis-3.4.6.jar;H:\repository\org\mybatis\mybatis-spring\1.3.2\mybatis-spring-1.3.2.jar;H:\repository\mysql\mysql-connector-java\5.1.39\mysql-connector-java-5.1.39.jar;H:\repository\com\alibaba\druid-spring-boot-starter\1.1.9\druid-spring-boot-starter-1.1.9.jar;H:\repository\org\slf4j\slf4j-api\1.7.25\slf4j-api-1.7.25.jar;H:\repository\com\alibaba\druid\1.0.20\druid-1.0.20.jar;C:\Users\Administrator\software\Java\jdk1.8.0_191\jre\..\lib\jconsole.jar;C:\Users\Administrator\software\Java\jdk1.8.0_191\jre\..\lib\tools.jar;H:\repository\com\alibaba\fastjson\1.2.28\fastjson-1.2.28.jar;H:\repository\commons-validator\commons-validator\1.3.1\commons-validator-1.3.1.jar;H:\repository\commons-digester\commons-digester\1.6\commons-digester-1.6.jar;H:\repository\xml-apis\xml-apis\1.4.01\xml-apis-1.4.01.jar;H:\repository\commons-logging\commons-logging\1.0.4\commons-logging-1.0.4.jar;H:\repository\commons-beanutils\commons-beanutils\1.9.3\commons-beanutils-1.9.3.jar;H:\repository\commons-collections\commons-collections\3.2.2\commons-collections-3.2.2.jar;H:\repository\org\apache\commons\commons-pool2\2.2\commons-pool2-2.2.jar;H:\repository\commons-fileupload\commons-fileupload\1.3.3\commons-fileupload-1.3.3.jar;H:\repository\commons-io\commons-io\2.2\commons-io-2.2.jar;H:\repository\commons-codec\commons-codec\1.6\commons-codec-1.6.jar;H:\repository\commons-net\commons-net\3.3\commons-net-3.3.jar;H:\repository\commons-httpclient\commons-httpclient\3.1\commons-httpclient-3.1.jar;H:\repository\org\apache\commons\commons-lang3\3.4\commons-lang3-3.4.jar;H:\repository\com\sun\jna\jna\3.0.9\jna-3.0.9.jar;H:\repository\net\java\dev\jna\jna-platform\4.0.0\jna-platform-4.0.0.jar;H:\repository\net\java\dev\jna\jna\4.5.1\jna-4.5.1.jar;"/>
    <property name="java.vm.vendor" value="Oracle Corporation"/>
    <property name="sun.arch.data.model" value="32"/>
    <property name="user.variant" value=""/>
    <property name="java.vendor.url" value="http://java.oracle.com/"/>
    <property name="user.timezone" value=""/>
    <property name="java.vm.specification.version" value="1.8"/>
    <property name="os.name" value="Windows 10"/>
    <property name="user.country" value="CN"/>
    <property name="sun.java.launcher" value="SUN_STANDARD"/>
    <property name="sun.boot.library.path" value="C:\Users\Administrator\software\Java\jdk1.8.0_191\jre\bin"/>
    <property name="sun.java.command" value="C:\Users\ADMINI~1\AppData\Local\Temp\surefire7064675727163481678\surefirebooter5357571217303011713.jar C:\Users\Administrator\AppData\Local\Temp\surefire7064675727163481678 2020-05-14T08-23-18_052-jvmRun1 surefire3210400763343178305tmp surefire_04820896149282585885tmp"/>
    <property name="surefire.test.class.path" value="C:\Users\Administrator\Documents\project\hc\MicroCommunityThings\back\target\test-classes;C:\Users\Administrator\Documents\project\hc\MicroCommunityThings\back\target\classes;H:\repository\org\springframework\boot\spring-boot-starter-web\2.0.1.RELEASE\spring-boot-starter-web-2.0.1.RELEASE.jar;H:\repository\org\springframework\boot\spring-boot-starter\2.0.1.RELEASE\spring-boot-starter-2.0.1.RELEASE.jar;H:\repository\org\springframework\boot\spring-boot-starter-logging\2.0.1.RELEASE\spring-boot-starter-logging-2.0.1.RELEASE.jar;H:\repository\ch\qos\logback\logback-classic\1.2.3\logback-classic-1.2.3.jar;H:\repository\ch\qos\logback\logback-core\1.2.3\logback-core-1.2.3.jar;H:\repository\org\apache\logging\log4j\log4j-to-slf4j\2.10.0\log4j-to-slf4j-2.10.0.jar;H:\repository\org\apache\logging\log4j\log4j-api\2.10.0\log4j-api-2.10.0.jar;H:\repository\org\slf4j\jul-to-slf4j\1.7.25\jul-to-slf4j-1.7.25.jar;H:\repository\javax\annotation\javax.annotation-api\1.3.2\javax.annotation-api-1.3.2.jar;H:\repository\org\yaml\snakeyaml\1.19\snakeyaml-1.19.jar;H:\repository\org\springframework\boot\spring-boot-starter-json\2.0.1.RELEASE\spring-boot-starter-json-2.0.1.RELEASE.jar;H:\repository\com\fasterxml\jackson\core\jackson-databind\2.9.5\jackson-databind-2.9.5.jar;H:\repository\com\fasterxml\jackson\core\jackson-annotations\2.9.0\jackson-annotations-2.9.0.jar;H:\repository\com\fasterxml\jackson\core\jackson-core\2.9.5\jackson-core-2.9.5.jar;H:\repository\com\fasterxml\jackson\datatype\jackson-datatype-jdk8\2.9.5\jackson-datatype-jdk8-2.9.5.jar;H:\repository\com\fasterxml\jackson\datatype\jackson-datatype-jsr310\2.9.5\jackson-datatype-jsr310-2.9.5.jar;H:\repository\com\fasterxml\jackson\module\jackson-module-parameter-names\2.9.5\jackson-module-parameter-names-2.9.5.jar;H:\repository\org\springframework\boot\spring-boot-starter-tomcat\2.0.1.RELEASE\spring-boot-starter-tomcat-2.0.1.RELEASE.jar;H:\repository\org\apache\tomcat\embed\tomcat-embed-core\8.5.29\tomcat-embed-core-8.5.29.jar;H:\repository\org\apache\tomcat\embed\tomcat-embed-el\8.5.29\tomcat-embed-el-8.5.29.jar;H:\repository\org\apache\tomcat\embed\tomcat-embed-websocket\8.5.29\tomcat-embed-websocket-8.5.29.jar;H:\repository\org\hibernate\validator\hibernate-validator\6.0.9.Final\hibernate-validator-6.0.9.Final.jar;H:\repository\javax\validation\validation-api\2.0.1.Final\validation-api-2.0.1.Final.jar;H:\repository\org\jboss\logging\jboss-logging\3.3.2.Final\jboss-logging-3.3.2.Final.jar;H:\repository\com\fasterxml\classmate\1.3.4\classmate-1.3.4.jar;H:\repository\org\springframework\spring-web\5.0.5.RELEASE\spring-web-5.0.5.RELEASE.jar;H:\repository\org\springframework\spring-beans\5.0.5.RELEASE\spring-beans-5.0.5.RELEASE.jar;H:\repository\org\springframework\spring-webmvc\5.0.5.RELEASE\spring-webmvc-5.0.5.RELEASE.jar;H:\repository\org\springframework\spring-aop\5.0.5.RELEASE\spring-aop-5.0.5.RELEASE.jar;H:\repository\org\springframework\spring-context\5.0.5.RELEASE\spring-context-5.0.5.RELEASE.jar;H:\repository\org\springframework\spring-expression\5.0.5.RELEASE\spring-expression-5.0.5.RELEASE.jar;H:\repository\org\springframework\boot\spring-boot-starter-test\2.0.1.RELEASE\spring-boot-starter-test-2.0.1.RELEASE.jar;H:\repository\org\springframework\boot\spring-boot-test\2.0.1.RELEASE\spring-boot-test-2.0.1.RELEASE.jar;H:\repository\org\springframework\boot\spring-boot-test-autoconfigure\2.0.1.RELEASE\spring-boot-test-autoconfigure-2.0.1.RELEASE.jar;H:\repository\com\jayway\jsonpath\json-path\2.4.0\json-path-2.4.0.jar;H:\repository\net\minidev\json-smart\2.3\json-smart-2.3.jar;H:\repository\net\minidev\accessors-smart\1.2\accessors-smart-1.2.jar;H:\repository\org\ow2\asm\asm\5.0.4\asm-5.0.4.jar;H:\repository\junit\junit\4.12\junit-4.12.jar;H:\repository\org\assertj\assertj-core\3.9.1\assertj-core-3.9.1.jar;H:\repository\org\mockito\mockito-core\2.15.0\mockito-core-2.15.0.jar;H:\repository\net\bytebuddy\byte-buddy\1.7.11\byte-buddy-1.7.11.jar;H:\repository\net\bytebuddy\byte-buddy-agent\1.7.11\byte-buddy-agent-1.7.11.jar;H:\repository\org\objenesis\objenesis\2.6\objenesis-2.6.jar;H:\repository\org\hamcrest\hamcrest-core\1.3\hamcrest-core-1.3.jar;H:\repository\org\hamcrest\hamcrest-library\1.3\hamcrest-library-1.3.jar;H:\repository\org\skyscreamer\jsonassert\1.5.0\jsonassert-1.5.0.jar;H:\repository\com\vaadin\external\google\android-json\0.0.20131108.vaadin1\android-json-0.0.20131108.vaadin1.jar;H:\repository\org\springframework\spring-core\5.0.5.RELEASE\spring-core-5.0.5.RELEASE.jar;H:\repository\org\springframework\spring-jcl\5.0.5.RELEASE\spring-jcl-5.0.5.RELEASE.jar;H:\repository\org\springframework\spring-test\5.0.5.RELEASE\spring-test-5.0.5.RELEASE.jar;H:\repository\org\xmlunit\xmlunit-core\2.5.1\xmlunit-core-2.5.1.jar;H:\repository\org\springframework\boot\spring-boot-starter-data-jpa\2.0.1.RELEASE\spring-boot-starter-data-jpa-2.0.1.RELEASE.jar;H:\repository\org\springframework\boot\spring-boot-starter-aop\2.0.1.RELEASE\spring-boot-starter-aop-2.0.1.RELEASE.jar;H:\repository\org\aspectj\aspectjweaver\1.8.13\aspectjweaver-1.8.13.jar;H:\repository\org\springframework\boot\spring-boot-starter-jdbc\2.0.1.RELEASE\spring-boot-starter-jdbc-2.0.1.RELEASE.jar;H:\repository\com\zaxxer\HikariCP\2.7.8\HikariCP-2.7.8.jar;H:\repository\org\springframework\spring-jdbc\5.0.5.RELEASE\spring-jdbc-5.0.5.RELEASE.jar;H:\repository\org\hibernate\hibernate-core\5.2.16.Final\hibernate-core-5.2.16.Final.jar;H:\repository\org\hibernate\javax\persistence\hibernate-jpa-2.1-api\1.0.0.Final\hibernate-jpa-2.1-api-1.0.0.Final.jar;H:\repository\org\javassist\javassist\3.22.0-GA\javassist-3.22.0-GA.jar;H:\repository\antlr\antlr\2.7.7\antlr-2.7.7.jar;H:\repository\org\jboss\jandex\2.0.3.Final\jandex-2.0.3.Final.jar;H:\repository\dom4j\dom4j\1.6.1\dom4j-1.6.1.jar;H:\repository\org\hibernate\common\hibernate-commons-annotations\5.0.1.Final\hibernate-commons-annotations-5.0.1.Final.jar;H:\repository\javax\transaction\javax.transaction-api\1.2\javax.transaction-api-1.2.jar;H:\repository\org\springframework\data\spring-data-jpa\2.0.6.RELEASE\spring-data-jpa-2.0.6.RELEASE.jar;H:\repository\org\springframework\data\spring-data-commons\2.0.6.RELEASE\spring-data-commons-2.0.6.RELEASE.jar;H:\repository\org\springframework\spring-orm\5.0.5.RELEASE\spring-orm-5.0.5.RELEASE.jar;H:\repository\org\springframework\spring-tx\5.0.5.RELEASE\spring-tx-5.0.5.RELEASE.jar;H:\repository\org\springframework\spring-aspects\5.0.5.RELEASE\spring-aspects-5.0.5.RELEASE.jar;H:\repository\org\springframework\boot\spring-boot-devtools\2.0.1.RELEASE\spring-boot-devtools-2.0.1.RELEASE.jar;H:\repository\org\springframework\boot\spring-boot\2.0.1.RELEASE\spring-boot-2.0.1.RELEASE.jar;H:\repository\org\springframework\boot\spring-boot-autoconfigure\2.0.1.RELEASE\spring-boot-autoconfigure-2.0.1.RELEASE.jar;H:\repository\org\springframework\boot\spring-boot-starter-thymeleaf\2.0.1.RELEASE\spring-boot-starter-thymeleaf-2.0.1.RELEASE.jar;H:\repository\org\thymeleaf\thymeleaf-spring5\3.0.9.RELEASE\thymeleaf-spring5-3.0.9.RELEASE.jar;H:\repository\org\thymeleaf\thymeleaf\3.0.9.RELEASE\thymeleaf-3.0.9.RELEASE.jar;H:\repository\org\attoparser\attoparser\2.0.4.RELEASE\attoparser-2.0.4.RELEASE.jar;H:\repository\org\unbescape\unbescape\1.1.5.RELEASE\unbescape-1.1.5.RELEASE.jar;H:\repository\org\thymeleaf\extras\thymeleaf-extras-java8time\3.0.1.RELEASE\thymeleaf-extras-java8time-3.0.1.RELEASE.jar;H:\repository\org\mybatis\spring\boot\mybatis-spring-boot-starter\1.3.2\mybatis-spring-boot-starter-1.3.2.jar;H:\repository\org\mybatis\spring\boot\mybatis-spring-boot-autoconfigure\1.3.2\mybatis-spring-boot-autoconfigure-1.3.2.jar;H:\repository\org\mybatis\mybatis\3.4.6\mybatis-3.4.6.jar;H:\repository\org\mybatis\mybatis-spring\1.3.2\mybatis-spring-1.3.2.jar;H:\repository\mysql\mysql-connector-java\5.1.39\mysql-connector-java-5.1.39.jar;H:\repository\com\alibaba\druid-spring-boot-starter\1.1.9\druid-spring-boot-starter-1.1.9.jar;H:\repository\org\slf4j\slf4j-api\1.7.25\slf4j-api-1.7.25.jar;H:\repository\com\alibaba\druid\1.0.20\druid-1.0.20.jar;C:\Users\Administrator\software\Java\jdk1.8.0_191\jre\..\lib\jconsole.jar;C:\Users\Administrator\software\Java\jdk1.8.0_191\jre\..\lib\tools.jar;H:\repository\com\alibaba\fastjson\1.2.28\fastjson-1.2.28.jar;H:\repository\commons-validator\commons-validator\1.3.1\commons-validator-1.3.1.jar;H:\repository\commons-digester\commons-digester\1.6\commons-digester-1.6.jar;H:\repository\xml-apis\xml-apis\1.4.01\xml-apis-1.4.01.jar;H:\repository\commons-logging\commons-logging\1.0.4\commons-logging-1.0.4.jar;H:\repository\commons-beanutils\commons-beanutils\1.9.3\commons-beanutils-1.9.3.jar;H:\repository\commons-collections\commons-collections\3.2.2\commons-collections-3.2.2.jar;H:\repository\org\apache\commons\commons-pool2\2.2\commons-pool2-2.2.jar;H:\repository\commons-fileupload\commons-fileupload\1.3.3\commons-fileupload-1.3.3.jar;H:\repository\commons-io\commons-io\2.2\commons-io-2.2.jar;H:\repository\commons-codec\commons-codec\1.6\commons-codec-1.6.jar;H:\repository\commons-net\commons-net\3.3\commons-net-3.3.jar;H:\repository\commons-httpclient\commons-httpclient\3.1\commons-httpclient-3.1.jar;H:\repository\org\apache\commons\commons-lang3\3.4\commons-lang3-3.4.jar;H:\repository\com\sun\jna\jna\3.0.9\jna-3.0.9.jar;H:\repository\net\java\dev\jna\jna-platform\4.0.0\jna-platform-4.0.0.jar;H:\repository\net\java\dev\jna\jna\4.5.1\jna-4.5.1.jar;"/>
    <property name="sun.cpu.endian" value="little"/>
    <property name="user.home" value="C:\Users\Administrator"/>
    <property name="user.language" value="zh"/>
    <property name="java.specification.vendor" value="Oracle Corporation"/>
    <property name="java.home" value="C:\Users\Administrator\software\Java\jdk1.8.0_191\jre"/>
    <property name="basedir" value="C:\Users\Administrator\Documents\project\hc\MicroCommunityThings\back"/>
    <property name="file.separator" value="\"/>
    <property name="line.separator" value="&#10;"/>
    <property name="java.vm.specification.vendor" value="Oracle Corporation"/>
    <property name="java.specification.name" value="Java Platform API Specification"/>
    <property name="java.awt.graphicsenv" value="sun.awt.Win32GraphicsEnvironment"/>
    <property name="surefire.real.class.path" value="C:\Users\ADMINI~1\AppData\Local\Temp\surefire7064675727163481678\surefirebooter5357571217303011713.jar"/>
    <property name="sun.boot.class.path" value="C:\Users\Administrator\software\Java\jdk1.8.0_191\jre\lib\resources.jar;C:\Users\Administrator\software\Java\jdk1.8.0_191\jre\lib\rt.jar;C:\Users\Administrator\software\Java\jdk1.8.0_191\jre\lib\sunrsasign.jar;C:\Users\Administrator\software\Java\jdk1.8.0_191\jre\lib\jsse.jar;C:\Users\Administrator\software\Java\jdk1.8.0_191\jre\lib\jce.jar;C:\Users\Administrator\software\Java\jdk1.8.0_191\jre\lib\charsets.jar;C:\Users\Administrator\software\Java\jdk1.8.0_191\jre\lib\jfr.jar;C:\Users\Administrator\software\Java\jdk1.8.0_191\jre\classes"/>
    <property name="user.script" value=""/>
    <property name="sun.management.compiler" value="HotSpot Client Compiler"/>
    <property name="java.runtime.version" value="1.8.0_191-b12"/>
    <property name="user.name" value="Administrator"/>
    <property name="path.separator" value=";"/>
    <property name="os.version" value="10.0"/>
    <property name="java.endorsed.dirs" value="C:\Users\Administrator\software\Java\jdk1.8.0_191\jre\lib\endorsed"/>
    <property name="java.runtime.name" value="Java(TM) SE Runtime Environment"/>
    <property name="file.encoding" value="GBK"/>
    <property name="java.vm.name" value="Java HotSpot(TM) Client VM"/>
    <property name="localRepository" value="H:\repository"/>
    <property name="java.vendor.url.bug" value="http://bugreport.sun.com/bugreport/"/>
    <property name="java.io.tmpdir" value="C:\Users\ADMINI~1\AppData\Local\Temp\"/>
    <property name="java.version" value="1.8.0_191"/>
    <property name="user.dir" value="C:\Users\Administrator\Documents\project\hc\MicroCommunityThings\back"/>
    <property name="os.arch" value="x86"/>
    <property name="java.vm.specification.name" value="Java Virtual Machine Specification"/>
    <property name="java.awt.printerjob" value="sun.awt.windows.WPrinterJob"/>
    <property name="sun.os.patch.level" value=""/>
    <property name="java.library.path" value="C:\Users\Administrator\software\Java\jdk1.8.0_191\jre\bin;C:\WINDOWS\Sun\Java\bin;C:\WINDOWS\system32;C:\WINDOWS;C:\Program Files (x86)\Common Files\Oracle\Java\javapath;C:\WINDOWS\system32;C:\WINDOWS;C:\WINDOWS\System32\Wbem;C:\WINDOWS\System32\WindowsPowerShell\v1.0\;C:\Program Files\Git\cmd;C:\WINDOWS\System32\OpenSSH\;C:\Program Files\nodejs\;C:\Users\Administrator\AppData\Local\Microsoft\WindowsApps;C:\Users\Administrator\AppData\Local\Programs\Microsoft VS Code\bin;C:\Users\Administrator\software\maven\bin;C:\Users\Administrator\software\Java\jdk1.8.0_191\bin;C:\Users\Administrator\software\maven2\bin;C:\Users\Administrator\software\maven3\bin;C:\Users\Administrator\software\Java\jdk1.8.0_191\jre\bin;C:\Users\Administrator\AppData\Roaming\npm;C:\Users\Administrator\AppData\Local\Programs\Fiddler;C:\Program Files\JetBrains\IntelliJ IDEA Community Edition 2019.3.2\bin;;."/>
    <property name="java.vm.info" value="mixed mode"/>
    <property name="java.vendor" value="Oracle Corporation"/>
    <property name="java.vm.version" value="25.191-b12"/>
    <property name="java.ext.dirs" value="C:\Users\Administrator\software\Java\jdk1.8.0_191\jre\lib\ext;C:\WINDOWS\Sun\Java\lib\ext"/>
    <property name="sun.io.unicode.encoding" value="UnicodeLittle"/>
    <property name="java.class.version" value="52.0"/>
  </properties>
  <testcase name="shouldAnswerWithTrue" classname="com.java110.things.AppTest" time="0"/>
</testsuite>